<?xml version="1.0" encoding="UTF-8"?>
<coverage generated="1763434657458" clover="3.2.0">
  <project timestamp="1763434657458" name="All files">
    <metrics statements="181" coveredstatements="152" conditionals="67" coveredconditionals="52" methods="47" coveredmethods="40" elements="295" coveredelements="244" complexity="0" loc="181" ncloc="181" packages="2" files="9" classes="9"/>
    <package name="src">
      <metrics statements="52" coveredstatements="36" conditionals="4" coveredconditionals="4" methods="14" coveredmethods="10"/>
      <file name="config.ts" path="/Users/kk/Documents/workspace/dracula/src/config.ts">
        <metrics statements="11" coveredstatements="10" conditionals="1" coveredconditionals="1" methods="4" coveredmethods="3"/>
        <line num="3" count="2" type="stmt"/>
        <line num="4" count="169" type="stmt"/>
        <line num="5" count="169" type="cond" truecount="1" falsecount="0"/>
        <line num="6" count="1" type="stmt"/>
        <line num="8" count="168" type="stmt"/>
        <line num="15" count="2" type="stmt"/>
        <line num="16" count="0" type="stmt"/>
        <line num="25" count="2" type="stmt"/>
        <line num="27" count="90" type="stmt"/>
        <line num="30" count="78" type="stmt"/>
        <line num="34" count="2" type="stmt"/>
      </file>
      <file name="createDraculaFromEnv.ts" path="/Users/kk/Documents/workspace/dracula/src/createDraculaFromEnv.ts">
        <metrics statements="35" coveredstatements="20" conditionals="3" coveredconditionals="3" methods="5" coveredmethods="2"/>
        <line num="1" count="1" type="stmt"/>
        <line num="2" count="1" type="stmt"/>
        <line num="3" count="1" type="stmt"/>
        <line num="4" count="1" type="stmt"/>
        <line num="5" count="1" type="stmt"/>
        <line num="6" count="1" type="stmt"/>
        <line num="7" count="1" type="stmt"/>
        <line num="16" count="1" type="stmt"/>
        <line num="17" count="1" type="stmt"/>
        <line num="18" count="1" type="cond" truecount="1" falsecount="0"/>
        <line num="19" count="0" type="stmt"/>
        <line num="32" count="1" type="stmt"/>
        <line num="33" count="1" type="stmt"/>
        <line num="35" count="1" type="cond" truecount="1" falsecount="0"/>
        <line num="36" count="1" type="stmt"/>
        <line num="38" count="1" type="cond" truecount="1" falsecount="0"/>
        <line num="39" count="1" type="stmt"/>
        <line num="40" count="1" type="stmt"/>
        <line num="41" count="1" type="stmt"/>
        <line num="43" count="1" type="stmt"/>
        <line num="44" count="0" type="stmt"/>
        <line num="47" count="1" type="stmt"/>
        <line num="50" count="0" type="stmt"/>
        <line num="51" count="0" type="stmt"/>
        <line num="52" count="0" type="stmt"/>
        <line num="54" count="0" type="stmt"/>
        <line num="58" count="0" type="stmt"/>
        <line num="61" count="0" type="stmt"/>
        <line num="62" count="0" type="stmt"/>
        <line num="63" count="0" type="stmt"/>
        <line num="65" count="0" type="stmt"/>
        <line num="66" count="0" type="stmt"/>
        <line num="68" count="0" type="stmt"/>
        <line num="69" count="0" type="stmt"/>
        <line num="72" count="0" type="stmt"/>
      </file>
      <file name="dracula.ts" path="/Users/kk/Documents/workspace/dracula/src/dracula.ts">
        <metrics statements="6" coveredstatements="6" conditionals="0" coveredconditionals="0" methods="5" coveredmethods="5"/>
        <line num="10" count="2" type="stmt"/>
        <line num="14" count="35" type="stmt"/>
        <line num="18" count="77" type="stmt"/>
        <line num="39" count="10" type="stmt"/>
        <line num="62" count="16" type="stmt"/>
        <line num="66" count="15" type="stmt"/>
      </file>
    </package>
    <package name="src.db">
      <metrics statements="129" coveredstatements="116" conditionals="63" coveredconditionals="48" methods="33" coveredmethods="30"/>
      <file name="better-sqlite-db.ts" path="/Users/kk/Documents/workspace/dracula/src/db/better-sqlite-db.ts">
        <metrics statements="13" coveredstatements="9" conditionals="5" coveredconditionals="3" methods="5" coveredmethods="3"/>
        <line num="1" count="1" type="stmt"/>
        <line num="8" count="1" type="stmt"/>
        <line num="12" count="1" type="stmt"/>
        <line num="19" count="2" type="stmt"/>
        <line num="20" count="2" type="stmt"/>
        <line num="21" count="2" type="stmt"/>
        <line num="30" count="1" type="stmt"/>
        <line num="31" count="1" type="stmt"/>
        <line num="32" count="1" type="stmt"/>
        <line num="36" count="0" type="stmt"/>
        <line num="37" count="0" type="stmt"/>
        <line num="38" count="0" type="stmt"/>
        <line num="42" count="0" type="stmt"/>
      </file>
      <file name="inmemory-sqlite.ts" path="/Users/kk/Documents/workspace/dracula/src/db/inmemory-sqlite.ts">
        <metrics statements="21" coveredstatements="18" conditionals="9" coveredconditionals="8" methods="4" coveredmethods="3"/>
        <line num="17" count="1" type="stmt"/>
        <line num="18" count="10" type="stmt"/>
        <line num="19" count="10" type="stmt"/>
        <line num="22" count="49" type="stmt"/>
        <line num="24" count="49" type="cond" truecount="1" falsecount="0"/>
        <line num="26" count="10" type="stmt"/>
        <line num="29" count="39" type="cond" truecount="1" falsecount="0"/>
        <line num="30" count="38" type="stmt"/>
        <line num="31" count="38" type="stmt"/>
        <line num="37" count="38" type="stmt"/>
        <line num="38" count="38" type="stmt"/>
        <line num="41" count="1" type="cond" truecount="1" falsecount="0"/>
        <line num="42" count="1" type="stmt"/>
        <line num="43" count="1" type="stmt"/>
        <line num="44" count="1" type="stmt"/>
        <line num="47" count="0" type="stmt"/>
        <line num="51" count="12" type="stmt"/>
        <line num="53" count="12" type="cond" truecount="3" falsecount="0"/>
        <line num="54" count="12" type="stmt"/>
        <line num="57" count="0" type="stmt"/>
        <line num="62" count="0" type="stmt"/>
      </file>
      <file name="mongo-counter-store.ts" path="/Users/kk/Documents/workspace/dracula/src/db/mongo-counter-store.ts">
        <metrics statements="8" coveredstatements="8" conditionals="0" coveredconditionals="0" methods="5" coveredmethods="5"/>
        <line num="3" count="2" type="stmt"/>
        <line num="10" count="2" type="stmt"/>
        <line num="12" count="14" type="stmt"/>
        <line num="13" count="14" type="stmt"/>
        <line num="17" count="38" type="stmt"/>
        <line num="21" count="5" type="stmt"/>
        <line num="25" count="8" type="stmt"/>
        <line num="29" count="14" type="stmt"/>
      </file>
      <file name="mongodb-functions.ts" path="/Users/kk/Documents/workspace/dracula/src/db/mongodb-functions.ts">
        <metrics statements="37" coveredstatements="33" conditionals="21" coveredconditionals="15" methods="6" coveredmethods="6"/>
        <line num="9" count="2" type="stmt"/>
        <line num="10" count="65" type="stmt"/>
        <line num="12" count="65" type="cond" truecount="3" falsecount="0"/>
        <line num="13" count="1" type="stmt"/>
        <line num="16" count="64" type="stmt"/>
        <line num="17" count="64" type="stmt"/>
        <line num="20" count="2" type="stmt"/>
        <line num="21" count="38" type="cond" truecount="2" falsecount="1"/>
        <line num="22" count="0" type="stmt"/>
        <line num="25" count="38" type="stmt"/>
        <line num="27" count="38" type="cond" truecount="2" falsecount="1"/>
        <line num="28" count="0" type="stmt"/>
        <line num="31" count="38" type="cond" truecount="2" falsecount="1"/>
        <line num="32" count="0" type="stmt"/>
        <line num="35" count="38" type="cond" truecount="2" falsecount="1"/>
        <line num="36" count="0" type="stmt"/>
        <line num="39" count="38" type="stmt"/>
        <line num="46" count="2" type="stmt"/>
        <line num="51" count="38" type="stmt"/>
        <line num="52" count="38" type="stmt"/>
        <line num="53" count="38" type="stmt"/>
        <line num="57" count="38" type="stmt"/>
        <line num="60" count="2" type="stmt"/>
        <line num="66" count="5" type="stmt"/>
        <line num="67" count="5" type="stmt"/>
        <line num="69" count="5" type="cond" truecount="1" falsecount="0"/>
        <line num="70" count="2" type="stmt"/>
        <line num="73" count="5" type="cond" truecount="1" falsecount="0"/>
        <line num="74" count="3" type="stmt"/>
        <line num="77" count="5" type="stmt"/>
        <line num="88" count="2" type="stmt"/>
        <line num="93" count="8" type="stmt"/>
        <line num="94" count="7" type="stmt"/>
        <line num="101" count="2" type="stmt"/>
        <line num="102" count="14" type="stmt"/>
        <line num="103" count="14" type="stmt"/>
        <line num="104" count="14" type="cond" truecount="1" falsecount="1"/>
      </file>
      <file name="mongodb.ts" path="/Users/kk/Documents/workspace/dracula/src/db/mongodb.ts">
        <metrics statements="5" coveredstatements="5" conditionals="1" coveredconditionals="1" methods="1" coveredmethods="1"/>
        <line num="1" count="2" type="stmt"/>
        <line num="3" count="2" type="stmt"/>
        <line num="4" count="15" type="cond" truecount="1" falsecount="0"/>
        <line num="5" count="1" type="stmt"/>
        <line num="8" count="14" type="stmt"/>
      </file>
      <file name="sqlite-counter-store.ts" path="/Users/kk/Documents/workspace/dracula/src/db/sqlite-counter-store.ts">
        <metrics statements="45" coveredstatements="43" conditionals="27" coveredconditionals="21" methods="12" coveredmethods="12"/>
        <line num="36" count="1" type="stmt"/>
        <line num="37" count="11" type="stmt"/>
        <line num="40" count="11" type="stmt"/>
        <line num="41" count="11" type="cond" truecount="1" falsecount="0"/>
        <line num="45" count="53" type="cond" truecount="1" falsecount="0"/>
        <line num="47" count="11" type="stmt"/>
        <line num="56" count="11" type="stmt"/>
        <line num="60" count="51" type="stmt"/>
        <line num="68" count="48" type="stmt"/>
        <line num="69" count="51" type="stmt"/>
        <line num="70" count="51" type="stmt"/>
        <line num="72" count="51" type="stmt"/>
        <line num="73" count="102" type="cond" truecount="2" falsecount="1"/>
        <line num="74" count="0" type="stmt"/>
        <line num="76" count="102" type="stmt"/>
        <line num="79" count="51" type="cond" truecount="1" falsecount="0"/>
        <line num="80" count="7" type="stmt"/>
        <line num="83" count="41" type="stmt"/>
        <line num="87" count="39" type="stmt"/>
        <line num="89" count="39" type="cond" truecount="1" falsecount="1"/>
        <line num="90" count="39" type="cond" truecount="1" falsecount="1"/>
        <line num="92" count="39" type="stmt"/>
        <line num="97" count="39" type="cond" truecount="1" falsecount="1"/>
        <line num="101" count="5" type="stmt"/>
        <line num="103" count="5" type="stmt"/>
        <line num="107" count="33" type="stmt"/>
        <line num="111" count="5" type="cond" truecount="3" falsecount="1"/>
        <line num="112" count="0" type="stmt"/>
        <line num="114" count="33" type="stmt"/>
        <line num="118" count="5" type="cond" truecount="2" falsecount="0"/>
        <line num="119" count="5" type="stmt"/>
        <line num="121" count="5" type="cond" truecount="1" falsecount="0"/>
        <line num="122" count="2" type="stmt"/>
        <line num="125" count="5" type="cond" truecount="3" falsecount="0"/>
        <line num="126" count="3" type="stmt"/>
        <line num="129" count="5" type="stmt"/>
        <line num="133" count="8" type="stmt"/>
        <line num="135" count="8" type="stmt"/>
        <line num="139" count="18" type="stmt"/>
        <line num="141" count="8" type="cond" truecount="3" falsecount="0"/>
        <line num="142" count="1" type="stmt"/>
        <line num="145" count="15" type="stmt"/>
        <line num="149" count="1" type="stmt"/>
        <line num="151" count="1" type="stmt"/>
        <line num="152" count="1" type="cond" truecount="1" falsecount="1"/>
      </file>
    </package>
  </project>
</coverage>
