{"/Users/kk/Documents/workspace/dracula/src/config.ts": {"path":"/Users/kk/Documents/workspace/dracula/src/config.ts","statementMap":{"0":{"start":{"line":3,"column":15},"end":{"line":9,"column":1}},"1":{"start":{"line":4,"column":16},"end":{"line":4,"column":33}},"2":{"start":{"line":5,"column":2},"end":{"line":7,"column":3}},"3":{"start":{"line":6,"column":4},"end":{"line":6,"column":null}},"4":{"start":{"line":8,"column":2},"end":{"line":8,"column":null}},"5":{"start":{"line":34,"column":9},"end":{"line":34,"column":15}},"6":{"start":{"line":15,"column":35},"end":{"line":20,"column":1}},"7":{"start":{"line":16,"column":2},"end":{"line":19,"column":null}},"8":{"start":{"line":15,"column":13},"end":{"line":15,"column":35}},"9":{"start":{"line":25,"column":13},"end":{"line":32,"column":null}},"10":{"start":{"line":27,"column":4},"end":{"line":27,"column":null}},"11":{"start":{"line":30,"column":4},"end":{"line":30,"column":null}}},"fnMap":{"0":{"name":"(anonymous_0)","decl":{"start":{"line":3,"column":15},"end":{"line":3,"column":16}},"loc":{"start":{"line":3,"column":40},"end":{"line":9,"column":1}}},"1":{"name":"(anonymous_1)","decl":{"start":{"line":15,"column":35},"end":{"line":15,"column":56}},"loc":{"start":{"line":15,"column":58},"end":{"line":20,"column":1}}},"2":{"name":"(anonymous_2)","decl":{"start":{"line":26,"column":2},"end":{"line":26,"column":6}},"loc":{"start":{"line":26,"column":12},"end":{"line":28,"column":3}}},"3":{"name":"(anonymous_3)","decl":{"start":{"line":29,"column":2},"end":{"line":29,"column":6}},"loc":{"start":{"line":29,"column":20},"end":{"line":31,"column":3}}}},"branchMap":{"0":{"loc":{"start":{"line":5,"column":2},"end":{"line":7,"column":3}},"type":"if","locations":[{"start":{"line":5,"column":2},"end":{"line":7,"column":3}}]}},"s":{"0":2,"1":169,"2":169,"3":1,"4":168,"5":2,"6":2,"7":0,"8":2,"9":2,"10":90,"11":78},"f":{"0":169,"1":0,"2":90,"3":78},"b":{"0":[1]}}
,"/Users/kk/Documents/workspace/dracula/src/createDraculaFromEnv.ts": {"path":"/Users/kk/Documents/workspace/dracula/src/createDraculaFromEnv.ts","statementMap":{"0":{"start":{"line":1,"column":0},"end":{"line":1,"column":31}},"1":{"start":{"line":2,"column":0},"end":{"line":2,"column":46}},"2":{"start":{"line":3,"column":0},"end":{"line":3,"column":48}},"3":{"start":{"line":4,"column":0},"end":{"line":4,"column":60}},"4":{"start":{"line":5,"column":0},"end":{"line":5,"column":62}},"5":{"start":{"line":6,"column":0},"end":{"line":6,"column":55}},"6":{"start":{"line":7,"column":0},"end":{"line":7,"column":54}},"7":{"start":{"line":16,"column":36},"end":{"line":20,"column":1}},"8":{"start":{"line":17,"column":17},"end":{"line":17,"column":61}},"9":{"start":{"line":18,"column":2},"end":{"line":18,"column":null}},"10":{"start":{"line":18,"column":27},"end":{"line":18,"column":null}},"11":{"start":{"line":19,"column":2},"end":{"line":19,"column":null}},"12":{"start":{"line":16,"column":13},"end":{"line":16,"column":36}},"13":{"start":{"line":32,"column":36},"end":{"line":73,"column":1}},"14":{"start":{"line":33,"column":17},"end":{"line":33,"column":39}},"15":{"start":{"line":35,"column":2},"end":{"line":59,"column":3}},"16":{"start":{"line":36,"column":23},"end":{"line":36,"column":54}},"17":{"start":{"line":38,"column":4},"end":{"line":48,"column":5}},"18":{"start":{"line":39,"column":17},"end":{"line":39,"column":47}},"19":{"start":{"line":40,"column":20},"end":{"line":40,"column":46}},"20":{"start":{"line":41,"column":22},"end":{"line":41,"column":40}},"21":{"start":{"line":43,"column":20},"end":{"line":45,"column":7}},"22":{"start":{"line":44,"column":8},"end":{"line":44,"column":null}},"23":{"start":{"line":47,"column":6},"end":{"line":47,"column":null}},"24":{"start":{"line":50,"column":15},"end":{"line":50,"column":37}},"25":{"start":{"line":51,"column":18},"end":{"line":51,"column":44}},"26":{"start":{"line":52,"column":20},"end":{"line":52,"column":38}},"27":{"start":{"line":54,"column":18},"end":{"line":56,"column":5}},"28":{"start":{"line":58,"column":4},"end":{"line":58,"column":null}},"29":{"start":{"line":61,"column":14},"end":{"line":61,"column":50}},"30":{"start":{"line":62,"column":17},"end":{"line":62,"column":39}},"31":{"start":{"line":63,"column":2},"end":{"line":63,"column":null}},"32":{"start":{"line":65,"column":16},"end":{"line":65,"column":68}},"33":{"start":{"line":66,"column":18},"end":{"line":66,"column":36}},"34":{"start":{"line":68,"column":16},"end":{"line":70,"column":3}},"35":{"start":{"line":69,"column":4},"end":{"line":69,"column":null}},"36":{"start":{"line":72,"column":2},"end":{"line":72,"column":null}},"37":{"start":{"line":32,"column":13},"end":{"line":32,"column":36}}},"fnMap":{"0":{"name":"(anonymous_1)","decl":{"start":{"line":16,"column":36},"end":{"line":16,"column":54}},"loc":{"start":{"line":16,"column":56},"end":{"line":20,"column":1}}},"1":{"name":"(anonymous_2)","decl":{"start":{"line":32,"column":36},"end":{"line":32,"column":41}},"loc":{"start":{"line":32,"column":72},"end":{"line":73,"column":1}}},"2":{"name":"(anonymous_3)","decl":{"start":{"line":43,"column":20},"end":{"line":43,"column":25}},"loc":{"start":{"line":43,"column":31},"end":{"line":45,"column":7}}},"3":{"name":"(anonymous_4)","decl":{"start":{"line":54,"column":18},"end":{"line":54,"column":23}},"loc":{"start":{"line":54,"column":29},"end":{"line":56,"column":5}}},"4":{"name":"(anonymous_5)","decl":{"start":{"line":68,"column":16},"end":{"line":68,"column":21}},"loc":{"start":{"line":68,"column":27},"end":{"line":70,"column":3}}}},"branchMap":{"0":{"loc":{"start":{"line":18,"column":2},"end":{"line":18,"column":null}},"type":"if","locations":[{"start":{"line":18,"column":2},"end":{"line":18,"column":null}}]},"1":{"loc":{"start":{"line":35,"column":2},"end":{"line":59,"column":3}},"type":"if","locations":[{"start":{"line":35,"column":2},"end":{"line":59,"column":3}}]},"2":{"loc":{"start":{"line":38,"column":4},"end":{"line":48,"column":5}},"type":"if","locations":[{"start":{"line":38,"column":4},"end":{"line":48,"column":5}}]}},"s":{"0":1,"1":1,"2":1,"3":1,"4":1,"5":1,"6":1,"7":1,"8":1,"9":1,"10":1,"11":0,"12":1,"13":1,"14":1,"15":1,"16":1,"17":1,"18":1,"19":1,"20":1,"21":1,"22":0,"23":1,"24":0,"25":0,"26":0,"27":0,"28":0,"29":0,"30":0,"31":0,"32":0,"33":0,"34":0,"35":0,"36":0,"37":1},"f":{"0":1,"1":1,"2":0,"3":0,"4":0},"b":{"0":[1],"1":[1],"2":[1]}}
,"/Users/kk/Documents/workspace/dracula/src/dracula.ts": {"path":"/Users/kk/Documents/workspace/dracula/src/dracula.ts","statementMap":{"0":{"start":{"line":14,"column":4},"end":{"line":14,"column":null}},"1":{"start":{"line":18,"column":4},"end":{"line":18,"column":null}},"2":{"start":{"line":39,"column":4},"end":{"line":39,"column":null}},"3":{"start":{"line":62,"column":4},"end":{"line":62,"column":null}},"4":{"start":{"line":66,"column":4},"end":{"line":66,"column":null}},"5":{"start":{"line":10,"column":0},"end":{"line":10,"column":21}}},"fnMap":{"0":{"name":"(anonymous_0)","decl":{"start":{"line":13,"column":2},"end":{"line":13,"column":14}},"loc":{"start":{"line":13,"column":33},"end":{"line":15,"column":3}}},"1":{"name":"(anonymous_1)","decl":{"start":{"line":17,"column":2},"end":{"line":17,"column":7}},"loc":{"start":{"line":17,"column":36},"end":{"line":19,"column":3}}},"2":{"name":"(anonymous_2)","decl":{"start":{"line":38,"column":2},"end":{"line":38,"column":7}},"loc":{"start":{"line":38,"column":72},"end":{"line":40,"column":3}}},"3":{"name":"(anonymous_3)","decl":{"start":{"line":61,"column":2},"end":{"line":61,"column":7}},"loc":{"start":{"line":61,"column":47},"end":{"line":63,"column":3}}},"4":{"name":"(anonymous_4)","decl":{"start":{"line":65,"column":2},"end":{"line":65,"column":7}},"loc":{"start":{"line":65,"column":17},"end":{"line":67,"column":3}}}},"branchMap":{},"s":{"0":35,"1":77,"2":10,"3":16,"4":15,"5":2},"f":{"0":35,"1":77,"2":10,"3":16,"4":15},"b":{}}
,"/Users/kk/Documents/workspace/dracula/src/db/better-sqlite-db.ts": {"path":"/Users/kk/Documents/workspace/dracula/src/db/better-sqlite-db.ts","statementMap":{"0":{"start":{"line":1,"column":0},"end":{"line":1,"column":37}},"1":{"start":{"line":12,"column":4},"end":{"line":12,"column":null}},"2":{"start":{"line":19,"column":17},"end":{"line":19,"column":37}},"3":{"start":{"line":20,"column":17},"end":{"line":20,"column":36}},"4":{"start":{"line":21,"column":4},"end":{"line":26,"column":null}},"5":{"start":{"line":30,"column":17},"end":{"line":30,"column":37}},"6":{"start":{"line":31,"column":17},"end":{"line":31,"column":43}},"7":{"start":{"line":32,"column":4},"end":{"line":32,"column":null}},"8":{"start":{"line":36,"column":17},"end":{"line":36,"column":37}},"9":{"start":{"line":37,"column":16},"end":{"line":37,"column":52}},"10":{"start":{"line":38,"column":4},"end":{"line":38,"column":null}},"11":{"start":{"line":42,"column":4},"end":{"line":42,"column":null}},"12":{"start":{"line":8,"column":0},"end":{"line":8,"column":13}}},"fnMap":{"0":{"name":"(anonymous_1)","decl":{"start":{"line":11,"column":2},"end":{"line":11,"column":14}},"loc":{"start":{"line":11,"column":58},"end":{"line":13,"column":3}}},"1":{"name":"(anonymous_2)","decl":{"start":{"line":15,"column":2},"end":{"line":15,"column":7}},"loc":{"start":{"line":17,"column":26},"end":{"line":27,"column":3}}},"2":{"name":"(anonymous_3)","decl":{"start":{"line":29,"column":2},"end":{"line":29,"column":7}},"loc":{"start":{"line":29,"column":60},"end":{"line":33,"column":3}}},"3":{"name":"(anonymous_4)","decl":{"start":{"line":35,"column":2},"end":{"line":35,"column":7}},"loc":{"start":{"line":35,"column":60},"end":{"line":39,"column":3}}},"4":{"name":"(anonymous_5)","decl":{"start":{"line":41,"column":2},"end":{"line":41,"column":7}},"loc":{"start":{"line":41,"column":7},"end":{"line":43,"column":3}}}},"branchMap":{"0":{"loc":{"start":{"line":17,"column":4},"end":{"line":17,"column":26}},"type":"default-arg","locations":[{"start":{"line":17,"column":24},"end":{"line":17,"column":26}}]},"1":{"loc":{"start":{"line":22,"column":14},"end":{"line":24,"column":54}},"type":"cond-expr","locations":[{"start":{"line":23,"column":10},"end":{"line":23,"column":38}},{"start":{"line":24,"column":11},"end":{"line":24,"column":54}}]},"2":{"loc":{"start":{"line":29,"column":38},"end":{"line":29,"column":60}},"type":"default-arg","locations":[{"start":{"line":29,"column":58},"end":{"line":29,"column":60}}]},"3":{"loc":{"start":{"line":35,"column":38},"end":{"line":35,"column":60}},"type":"default-arg","locations":[{"start":{"line":35,"column":58},"end":{"line":35,"column":60}}]}},"s":{"0":1,"1":1,"2":2,"3":2,"4":2,"5":1,"6":1,"7":1,"8":0,"9":0,"10":0,"11":0,"12":1},"f":{"0":1,"1":2,"2":1,"3":0,"4":0},"b":{"0":[1],"1":[0,2],"2":[1],"3":[0]}}
,"/Users/kk/Documents/workspace/dracula/src/db/inmemory-sqlite.ts": {"path":"/Users/kk/Documents/workspace/dracula/src/db/inmemory-sqlite.ts","statementMap":{"0":{"start":{"line":18,"column":10},"end":{"line":18,"column":null}},"1":{"start":{"line":19,"column":10},"end":{"line":19,"column":null}},"2":{"start":{"line":22,"column":23},"end":{"line":22,"column":47}},"3":{"start":{"line":24,"column":4},"end":{"line":27,"column":5}},"4":{"start":{"line":26,"column":6},"end":{"line":26,"column":null}},"5":{"start":{"line":29,"column":4},"end":{"line":39,"column":5}},"6":{"start":{"line":30,"column":39},"end":{"line":30,"column":73}},"7":{"start":{"line":31,"column":31},"end":{"line":36,"column":null}},"8":{"start":{"line":37,"column":6},"end":{"line":37,"column":null}},"9":{"start":{"line":38,"column":6},"end":{"line":38,"column":null}},"10":{"start":{"line":41,"column":4},"end":{"line":45,"column":5}},"11":{"start":{"line":42,"column":22},"end":{"line":42,"column":38}},"12":{"start":{"line":43,"column":6},"end":{"line":43,"column":null}},"13":{"start":{"line":44,"column":6},"end":{"line":44,"column":null}},"14":{"start":{"line":47,"column":4},"end":{"line":47,"column":null}},"15":{"start":{"line":51,"column":23},"end":{"line":51,"column":47}},"16":{"start":{"line":53,"column":4},"end":{"line":55,"column":5}},"17":{"start":{"line":54,"column":6},"end":{"line":54,"column":null}},"18":{"start":{"line":57,"column":4},"end":{"line":57,"column":null}},"19":{"start":{"line":62,"column":4},"end":{"line":62,"column":null}},"20":{"start":{"line":17,"column":0},"end":{"line":17,"column":13}}},"fnMap":{"0":{"name":"(anonymous_0)","decl":{"start":{"line":17,"column":0},"end":{"line":17,"column":13}},"loc":{"start":{"line":17,"column":0},"end":{"line":64,"column":1}}},"1":{"name":"(anonymous_1)","decl":{"start":{"line":21,"column":2},"end":{"line":21,"column":7}},"loc":{"start":{"line":21,"column":47},"end":{"line":48,"column":3}}},"2":{"name":"(anonymous_2)","decl":{"start":{"line":50,"column":2},"end":{"line":50,"column":7}},"loc":{"start":{"line":50,"column":61},"end":{"line":58,"column":3}}},"3":{"name":"(anonymous_3)","decl":{"start":{"line":60,"column":2},"end":{"line":60,"column":7}},"loc":{"start":{"line":60,"column":62},"end":{"line":63,"column":3}}}},"branchMap":{"0":{"loc":{"start":{"line":21,"column":25},"end":{"line":21,"column":47}},"type":"default-arg","locations":[{"start":{"line":21,"column":45},"end":{"line":21,"column":47}}]},"1":{"loc":{"start":{"line":24,"column":4},"end":{"line":27,"column":5}},"type":"if","locations":[{"start":{"line":24,"column":4},"end":{"line":27,"column":5}}]},"2":{"loc":{"start":{"line":29,"column":4},"end":{"line":39,"column":5}},"type":"if","locations":[{"start":{"line":29,"column":4},"end":{"line":39,"column":5}}]},"3":{"loc":{"start":{"line":41,"column":4},"end":{"line":45,"column":5}},"type":"if","locations":[{"start":{"line":41,"column":4},"end":{"line":45,"column":5}}]},"4":{"loc":{"start":{"line":50,"column":38},"end":{"line":50,"column":61}},"type":"default-arg","locations":[{"start":{"line":50,"column":59},"end":{"line":50,"column":61}}]},"5":{"loc":{"start":{"line":53,"column":4},"end":{"line":55,"column":5}},"type":"if","locations":[{"start":{"line":53,"column":4},"end":{"line":55,"column":5}}]},"6":{"loc":{"start":{"line":53,"column":8},"end":{"line":53,"column":70}},"type":"binary-expr","locations":[{"start":{"line":53,"column":8},"end":{"line":53,"column":39}},{"start":{"line":53,"column":43},"end":{"line":53,"column":70}}]},"7":{"loc":{"start":{"line":60,"column":39},"end":{"line":60,"column":62}},"type":"default-arg","locations":[{"start":{"line":60,"column":60},"end":{"line":60,"column":62}}]}},"s":{"0":10,"1":10,"2":49,"3":49,"4":10,"5":39,"6":38,"7":38,"8":38,"9":38,"10":1,"11":1,"12":1,"13":1,"14":0,"15":12,"16":12,"17":12,"18":0,"19":0,"20":1},"f":{"0":10,"1":49,"2":12,"3":0},"b":{"0":[11],"1":[10],"2":[38],"3":[1],"4":[12],"5":[12],"6":[12,12],"7":[0]}}
,"/Users/kk/Documents/workspace/dracula/src/db/mongo-counter-store.ts": {"path":"/Users/kk/Documents/workspace/dracula/src/db/mongo-counter-store.ts","statementMap":{"0":{"start":{"line":3,"column":0},"end":{"line":3,"column":93}},"1":{"start":{"line":12,"column":12},"end":{"line":12,"column":31}},"2":{"start":{"line":13,"column":12},"end":{"line":13,"column":36}},"3":{"start":{"line":17,"column":4},"end":{"line":17,"column":null}},"4":{"start":{"line":21,"column":4},"end":{"line":21,"column":null}},"5":{"start":{"line":25,"column":4},"end":{"line":25,"column":null}},"6":{"start":{"line":29,"column":4},"end":{"line":29,"column":null}},"7":{"start":{"line":10,"column":0},"end":{"line":10,"column":13}}},"fnMap":{"0":{"name":"(anonymous_0)","decl":{"start":{"line":11,"column":2},"end":{"line":11,"column":null}},"loc":{"start":{"line":13,"column":36},"end":{"line":14,"column":6}}},"1":{"name":"(anonymous_1)","decl":{"start":{"line":16,"column":2},"end":{"line":16,"column":7}},"loc":{"start":{"line":16,"column":36},"end":{"line":18,"column":3}}},"2":{"name":"(anonymous_2)","decl":{"start":{"line":20,"column":2},"end":{"line":20,"column":7}},"loc":{"start":{"line":20,"column":72},"end":{"line":22,"column":3}}},"3":{"name":"(anonymous_3)","decl":{"start":{"line":24,"column":2},"end":{"line":24,"column":7}},"loc":{"start":{"line":24,"column":47},"end":{"line":26,"column":3}}},"4":{"name":"(anonymous_4)","decl":{"start":{"line":28,"column":2},"end":{"line":28,"column":7}},"loc":{"start":{"line":28,"column":17},"end":{"line":30,"column":3}}}},"branchMap":{},"s":{"0":2,"1":14,"2":14,"3":38,"4":5,"5":8,"6":14,"7":2},"f":{"0":14,"1":38,"2":5,"3":8,"4":14},"b":{}}
,"/Users/kk/Documents/workspace/dracula/src/db/mongodb-functions.ts": {"path":"/Users/kk/Documents/workspace/dracula/src/db/mongodb-functions.ts","statementMap":{"0":{"start":{"line":9,"column":22},"end":{"line":18,"column":1}},"1":{"start":{"line":10,"column":37},"end":{"line":10,"column":43}},"2":{"start":{"line":12,"column":2},"end":{"line":14,"column":3}},"3":{"start":{"line":13,"column":4},"end":{"line":13,"column":null}},"4":{"start":{"line":16,"column":23},"end":{"line":16,"column":40}},"5":{"start":{"line":17,"column":2},"end":{"line":17,"column":null}},"6":{"start":{"line":20,"column":27},"end":{"line":44,"column":1}},"7":{"start":{"line":21,"column":2},"end":{"line":23,"column":3}},"8":{"start":{"line":22,"column":4},"end":{"line":22,"column":null}},"9":{"start":{"line":25,"column":20},"end":{"line":25,"column":50}},"10":{"start":{"line":27,"column":2},"end":{"line":29,"column":3}},"11":{"start":{"line":28,"column":4},"end":{"line":28,"column":null}},"12":{"start":{"line":31,"column":2},"end":{"line":33,"column":3}},"13":{"start":{"line":32,"column":4},"end":{"line":32,"column":null}},"14":{"start":{"line":35,"column":2},"end":{"line":37,"column":3}},"15":{"start":{"line":36,"column":4},"end":{"line":36,"column":null}},"16":{"start":{"line":39,"column":2},"end":{"line":43,"column":null}},"17":{"start":{"line":46,"column":22},"end":{"line":58,"column":1}},"18":{"start":{"line":51,"column":21},"end":{"line":51,"column":50}},"19":{"start":{"line":52,"column":21},"end":{"line":52,"column":48}},"20":{"start":{"line":53,"column":28},"end":{"line":56,"column":null}},"21":{"start":{"line":57,"column":2},"end":{"line":57,"column":null}},"22":{"start":{"line":46,"column":13},"end":{"line":46,"column":22}},"23":{"start":{"line":60,"column":20},"end":{"line":78,"column":1}},"24":{"start":{"line":66,"column":21},"end":{"line":66,"column":50}},"25":{"start":{"line":67,"column":15},"end":{"line":67,"column":42}},"26":{"start":{"line":69,"column":2},"end":{"line":71,"column":3}},"27":{"start":{"line":70,"column":4},"end":{"line":70,"column":null}},"28":{"start":{"line":73,"column":2},"end":{"line":75,"column":3}},"29":{"start":{"line":74,"column":4},"end":{"line":74,"column":null}},"30":{"start":{"line":77,"column":2},"end":{"line":77,"column":null}},"31":{"start":{"line":60,"column":13},"end":{"line":60,"column":20}},"32":{"start":{"line":88,"column":23},"end":{"line":95,"column":1}},"33":{"start":{"line":93,"column":21},"end":{"line":93,"column":50}},"34":{"start":{"line":94,"column":2},"end":{"line":94,"column":null}},"35":{"start":{"line":88,"column":13},"end":{"line":88,"column":23}},"36":{"start":{"line":101,"column":25},"end":{"line":105,"column":1}},"37":{"start":{"line":102,"column":21},"end":{"line":102,"column":50}},"38":{"start":{"line":103,"column":17},"end":{"line":103,"column":48}},"39":{"start":{"line":104,"column":2},"end":{"line":104,"column":null}},"40":{"start":{"line":101,"column":13},"end":{"line":101,"column":25}}},"fnMap":{"0":{"name":"(anonymous_0)","decl":{"start":{"line":9,"column":22},"end":{"line":9,"column":23}},"loc":{"start":{"line":9,"column":93},"end":{"line":18,"column":1}}},"1":{"name":"(anonymous_1)","decl":{"start":{"line":20,"column":27},"end":{"line":20,"column":28}},"loc":{"start":{"line":20,"column":60},"end":{"line":44,"column":1}}},"2":{"name":"(anonymous_2)","decl":{"start":{"line":46,"column":22},"end":{"line":46,"column":27}},"loc":{"start":{"line":50,"column":4},"end":{"line":58,"column":1}}},"3":{"name":"(anonymous_3)","decl":{"start":{"line":60,"column":20},"end":{"line":60,"column":25}},"loc":{"start":{"line":65,"column":24},"end":{"line":78,"column":1}}},"4":{"name":"(anonymous_4)","decl":{"start":{"line":88,"column":23},"end":{"line":88,"column":28}},"loc":{"start":{"line":92,"column":21},"end":{"line":95,"column":1}}},"5":{"name":"(anonymous_5)","decl":{"start":{"line":101,"column":25},"end":{"line":101,"column":30}},"loc":{"start":{"line":101,"column":98},"end":{"line":105,"column":1}}}},"branchMap":{"0":{"loc":{"start":{"line":12,"column":2},"end":{"line":14,"column":3}},"type":"if","locations":[{"start":{"line":12,"column":2},"end":{"line":14,"column":3}}]},"1":{"loc":{"start":{"line":12,"column":6},"end":{"line":12,"column":32}},"type":"binary-expr","locations":[{"start":{"line":12,"column":6},"end":{"line":12,"column":13}},{"start":{"line":12,"column":17},"end":{"line":12,"column":32}}]},"2":{"loc":{"start":{"line":21,"column":2},"end":{"line":23,"column":3}},"type":"if","locations":[{"start":{"line":21,"column":2},"end":{"line":23,"column":3}}]},"3":{"loc":{"start":{"line":21,"column":6},"end":{"line":21,"column":41}},"type":"binary-expr","locations":[{"start":{"line":21,"column":6},"end":{"line":21,"column":12}},{"start":{"line":21,"column":16},"end":{"line":21,"column":41}}]},"4":{"loc":{"start":{"line":27,"column":2},"end":{"line":29,"column":3}},"type":"if","locations":[{"start":{"line":27,"column":2},"end":{"line":29,"column":3}}]},"5":{"loc":{"start":{"line":27,"column":6},"end":{"line":27,"column":78}},"type":"binary-expr","locations":[{"start":{"line":27,"column":6},"end":{"line":27,"column":41}},{"start":{"line":27,"column":45},"end":{"line":27,"column":78}}]},"6":{"loc":{"start":{"line":31,"column":2},"end":{"line":33,"column":3}},"type":"if","locations":[{"start":{"line":31,"column":2},"end":{"line":33,"column":3}}]},"7":{"loc":{"start":{"line":31,"column":6},"end":{"line":31,"column":67}},"type":"binary-expr","locations":[{"start":{"line":31,"column":6},"end":{"line":31,"column":40}},{"start":{"line":31,"column":44},"end":{"line":31,"column":67}}]},"8":{"loc":{"start":{"line":35,"column":2},"end":{"line":37,"column":3}},"type":"if","locations":[{"start":{"line":35,"column":2},"end":{"line":37,"column":3}}]},"9":{"loc":{"start":{"line":35,"column":6},"end":{"line":35,"column":81}},"type":"binary-expr","locations":[{"start":{"line":35,"column":6},"end":{"line":35,"column":39}},{"start":{"line":35,"column":43},"end":{"line":35,"column":81}}]},"10":{"loc":{"start":{"line":55,"column":15},"end":{"line":55,"column":49}},"type":"binary-expr","locations":[{"start":{"line":55,"column":15},"end":{"line":55,"column":35}},{"start":{"line":55,"column":39},"end":{"line":55,"column":49}}]},"11":{"loc":{"start":{"line":69,"column":2},"end":{"line":71,"column":3}},"type":"if","locations":[{"start":{"line":69,"column":2},"end":{"line":71,"column":3}}]},"12":{"loc":{"start":{"line":73,"column":2},"end":{"line":75,"column":3}},"type":"if","locations":[{"start":{"line":73,"column":2},"end":{"line":75,"column":3}}]},"13":{"loc":{"start":{"line":104,"column":9},"end":{"line":104,"column":33}},"type":"binary-expr","locations":[{"start":{"line":104,"column":9},"end":{"line":104,"column":28}},{"start":{"line":104,"column":32},"end":{"line":104,"column":33}}]}},"s":{"0":2,"1":65,"2":65,"3":1,"4":64,"5":64,"6":2,"7":38,"8":0,"9":38,"10":38,"11":0,"12":38,"13":0,"14":38,"15":0,"16":38,"17":2,"18":38,"19":38,"20":38,"21":38,"22":2,"23":2,"24":5,"25":5,"26":5,"27":2,"28":5,"29":3,"30":5,"31":2,"32":2,"33":8,"34":7,"35":2,"36":2,"37":14,"38":14,"39":14,"40":2},"f":{"0":65,"1":38,"2":38,"3":5,"4":8,"5":14},"b":{"0":[1],"1":[65,64],"2":[0],"3":[38,38],"4":[0],"5":[38,38],"6":[0],"7":[38,38],"8":[0],"9":[38,38],"10":[38,0],"11":[2],"12":[3],"13":[14,0]}}
,"/Users/kk/Documents/workspace/dracula/src/db/mongodb.ts": {"path":"/Users/kk/Documents/workspace/dracula/src/db/mongodb.ts","statementMap":{"0":{"start":{"line":1,"column":0},"end":{"line":1,"column":55}},"1":{"start":{"line":3,"column":33},"end":{"line":15,"column":1}},"2":{"start":{"line":4,"column":2},"end":{"line":6,"column":3}},"3":{"start":{"line":5,"column":4},"end":{"line":5,"column":null}},"4":{"start":{"line":8,"column":2},"end":{"line":14,"column":null}},"5":{"start":{"line":3,"column":13},"end":{"line":3,"column":33}}},"fnMap":{"0":{"name":"(anonymous_0)","decl":{"start":{"line":3,"column":33},"end":{"line":3,"column":34}},"loc":{"start":{"line":3,"column":74},"end":{"line":15,"column":1}}}},"branchMap":{"0":{"loc":{"start":{"line":4,"column":2},"end":{"line":6,"column":3}},"type":"if","locations":[{"start":{"line":4,"column":2},"end":{"line":6,"column":3}}]}},"s":{"0":2,"1":2,"2":15,"3":1,"4":14,"5":2},"f":{"0":15},"b":{"0":[1]}}
,"/Users/kk/Documents/workspace/dracula/src/db/sqlite-counter-store.ts": {"path":"/Users/kk/Documents/workspace/dracula/src/db/sqlite-counter-store.ts","statementMap":{"0":{"start":{"line":40,"column":12},"end":{"line":40,"column":24}},"1":{"start":{"line":41,"column":12},"end":{"line":41,"column":32}},"2":{"start":{"line":37,"column":10},"end":{"line":37,"column":null}},"3":{"start":{"line":45,"column":4},"end":{"line":45,"column":32}},"4":{"start":{"line":45,"column":26},"end":{"line":45,"column":32}},"5":{"start":{"line":47,"column":4},"end":{"line":54,"column":null}},"6":{"start":{"line":56,"column":4},"end":{"line":56,"column":null}},"7":{"start":{"line":60,"column":4},"end":{"line":64,"column":null}},"8":{"start":{"line":68,"column":4},"end":{"line":82,"column":5}},"9":{"start":{"line":69,"column":20},"end":{"line":69,"column":34}},"10":{"start":{"line":70,"column":29},"end":{"line":70,"column":36}},"11":{"start":{"line":72,"column":6},"end":{"line":77,"column":7}},"12":{"start":{"line":73,"column":8},"end":{"line":75,"column":9}},"13":{"start":{"line":74,"column":10},"end":{"line":74,"column":null}},"14":{"start":{"line":76,"column":8},"end":{"line":76,"column":null}},"15":{"start":{"line":79,"column":6},"end":{"line":81,"column":7}},"16":{"start":{"line":80,"column":8},"end":{"line":80,"column":null}},"17":{"start":{"line":83,"column":4},"end":{"line":83,"column":null}},"18":{"start":{"line":87,"column":4},"end":{"line":87,"column":null}},"19":{"start":{"line":89,"column":22},"end":{"line":89,"column":53}},"20":{"start":{"line":90,"column":21},"end":{"line":90,"column":55}},"21":{"start":{"line":92,"column":19},"end":{"line":94,"column":null}},"22":{"start":{"line":97,"column":4},"end":{"line":97,"column":null}},"23":{"start":{"line":101,"column":4},"end":{"line":101,"column":null}},"24":{"start":{"line":103,"column":17},"end":{"line":104,"column":null}},"25":{"start":{"line":107,"column":21},"end":{"line":107,"column":62}},"26":{"start":{"line":107,"column":39},"end":{"line":107,"column":61}},"27":{"start":{"line":111,"column":4},"end":{"line":115,"column":5}},"28":{"start":{"line":112,"column":6},"end":{"line":112,"column":null}},"29":{"start":{"line":114,"column":6},"end":{"line":114,"column":null}},"30":{"start":{"line":114,"column":44},"end":{"line":114,"column":79}},"31":{"start":{"line":118,"column":17},"end":{"line":118,"column":35}},"32":{"start":{"line":119,"column":18},"end":{"line":119,"column":32}},"33":{"start":{"line":121,"column":4},"end":{"line":123,"column":5}},"34":{"start":{"line":122,"column":6},"end":{"line":122,"column":null}},"35":{"start":{"line":125,"column":4},"end":{"line":127,"column":5}},"36":{"start":{"line":126,"column":6},"end":{"line":126,"column":null}},"37":{"start":{"line":129,"column":4},"end":{"line":129,"column":null}},"38":{"start":{"line":133,"column":4},"end":{"line":133,"column":null}},"39":{"start":{"line":135,"column":17},"end":{"line":136,"column":null}},"40":{"start":{"line":139,"column":21},"end":{"line":139,"column":62}},"41":{"start":{"line":139,"column":39},"end":{"line":139,"column":61}},"42":{"start":{"line":141,"column":4},"end":{"line":143,"column":5}},"43":{"start":{"line":142,"column":6},"end":{"line":142,"column":null}},"44":{"start":{"line":145,"column":4},"end":{"line":145,"column":null}},"45":{"start":{"line":145,"column":40},"end":{"line":145,"column":75}},"46":{"start":{"line":149,"column":4},"end":{"line":149,"column":null}},"47":{"start":{"line":151,"column":19},"end":{"line":151,"column":69}},"48":{"start":{"line":152,"column":4},"end":{"line":152,"column":null}},"49":{"start":{"line":36,"column":0},"end":{"line":36,"column":13}}},"fnMap":{"0":{"name":"(anonymous_0)","decl":{"start":{"line":39,"column":2},"end":{"line":39,"column":null}},"loc":{"start":{"line":41,"column":42},"end":{"line":42,"column":6}}},"1":{"name":"(anonymous_1)","decl":{"start":{"line":44,"column":10},"end":{"line":44,"column":15}},"loc":{"start":{"line":44,"column":33},"end":{"line":57,"column":3}}},"2":{"name":"(anonymous_2)","decl":{"start":{"line":59,"column":10},"end":{"line":59,"column":22}},"loc":{"start":{"line":59,"column":44},"end":{"line":65,"column":3}}},"3":{"name":"(anonymous_3)","decl":{"start":{"line":67,"column":10},"end":{"line":67,"column":23}},"loc":{"start":{"line":67,"column":73},"end":{"line":84,"column":3}}},"4":{"name":"(anonymous_4)","decl":{"start":{"line":86,"column":2},"end":{"line":86,"column":7}},"loc":{"start":{"line":86,"column":36},"end":{"line":98,"column":3}}},"5":{"name":"(anonymous_5)","decl":{"start":{"line":100,"column":2},"end":{"line":100,"column":7}},"loc":{"start":{"line":100,"column":72},"end":{"line":130,"column":3}}},"6":{"name":"(anonymous_6)","decl":{"start":{"line":107,"column":30},"end":{"line":107,"column":31}},"loc":{"start":{"line":107,"column":39},"end":{"line":107,"column":61}}},"7":{"name":"(anonymous_7)","decl":{"start":{"line":114,"column":31},"end":{"line":114,"column":32}},"loc":{"start":{"line":114,"column":44},"end":{"line":114,"column":79}}},"8":{"name":"(anonymous_8)","decl":{"start":{"line":132,"column":2},"end":{"line":132,"column":7}},"loc":{"start":{"line":132,"column":47},"end":{"line":146,"column":3}}},"9":{"name":"(anonymous_9)","decl":{"start":{"line":139,"column":30},"end":{"line":139,"column":31}},"loc":{"start":{"line":139,"column":39},"end":{"line":139,"column":61}}},"10":{"name":"(anonymous_10)","decl":{"start":{"line":145,"column":27},"end":{"line":145,"column":28}},"loc":{"start":{"line":145,"column":40},"end":{"line":145,"column":75}}},"11":{"name":"(anonymous_11)","decl":{"start":{"line":148,"column":2},"end":{"line":148,"column":7}},"loc":{"start":{"line":148,"column":17},"end":{"line":153,"column":3}}}},"branchMap":{"0":{"loc":{"start":{"line":41,"column":12},"end":{"line":41,"column":42}},"type":"default-arg","locations":[{"start":{"line":41,"column":32},"end":{"line":41,"column":42}}]},"1":{"loc":{"start":{"line":45,"column":4},"end":{"line":45,"column":32}},"type":"if","locations":[{"start":{"line":45,"column":4},"end":{"line":45,"column":32}}]},"2":{"loc":{"start":{"line":73,"column":8},"end":{"line":75,"column":9}},"type":"if","locations":[{"start":{"line":73,"column":8},"end":{"line":75,"column":9}}]},"3":{"loc":{"start":{"line":73,"column":12},"end":{"line":73,"column":58}},"type":"binary-expr","locations":[{"start":{"line":73,"column":12},"end":{"line":73,"column":27}},{"start":{"line":73,"column":31},"end":{"line":73,"column":58}}]},"4":{"loc":{"start":{"line":79,"column":6},"end":{"line":81,"column":7}},"type":"if","locations":[{"start":{"line":79,"column":6},"end":{"line":81,"column":7}}]},"5":{"loc":{"start":{"line":89,"column":22},"end":{"line":89,"column":53}},"type":"binary-expr","locations":[{"start":{"line":89,"column":22},"end":{"line":89,"column":39}},{"start":{"line":89,"column":43},"end":{"line":89,"column":53}}]},"6":{"loc":{"start":{"line":90,"column":36},"end":{"line":90,"column":54}},"type":"binary-expr","locations":[{"start":{"line":90,"column":36},"end":{"line":90,"column":48}},{"start":{"line":90,"column":52},"end":{"line":90,"column":54}}]},"7":{"loc":{"start":{"line":97,"column":25},"end":{"line":97,"column":46}},"type":"binary-expr","locations":[{"start":{"line":97,"column":25},"end":{"line":97,"column":38}},{"start":{"line":97,"column":42},"end":{"line":97,"column":46}}]},"8":{"loc":{"start":{"line":111,"column":4},"end":{"line":115,"column":5}},"type":"if","locations":[{"start":{"line":111,"column":4},"end":{"line":115,"column":5}},{"start":{"line":113,"column":11},"end":{"line":115,"column":5}}]},"9":{"loc":{"start":{"line":111,"column":8},"end":{"line":111,"column":51}},"type":"binary-expr","locations":[{"start":{"line":111,"column":8},"end":{"line":111,"column":15}},{"start":{"line":111,"column":19},"end":{"line":111,"column":51}}]},"10":{"loc":{"start":{"line":118,"column":17},"end":{"line":118,"column":35}},"type":"binary-expr","locations":[{"start":{"line":118,"column":17},"end":{"line":118,"column":30}},{"start":{"line":118,"column":34},"end":{"line":118,"column":35}}]},"11":{"loc":{"start":{"line":121,"column":4},"end":{"line":123,"column":5}},"type":"if","locations":[{"start":{"line":121,"column":4},"end":{"line":123,"column":5}}]},"12":{"loc":{"start":{"line":125,"column":4},"end":{"line":127,"column":5}},"type":"if","locations":[{"start":{"line":125,"column":4},"end":{"line":127,"column":5}}]},"13":{"loc":{"start":{"line":125,"column":8},"end":{"line":125,"column":40}},"type":"binary-expr","locations":[{"start":{"line":125,"column":8},"end":{"line":125,"column":27}},{"start":{"line":125,"column":31},"end":{"line":125,"column":40}}]},"14":{"loc":{"start":{"line":141,"column":4},"end":{"line":143,"column":5}},"type":"if","locations":[{"start":{"line":141,"column":4},"end":{"line":143,"column":5}}]},"15":{"loc":{"start":{"line":141,"column":8},"end":{"line":141,"column":51}},"type":"binary-expr","locations":[{"start":{"line":141,"column":8},"end":{"line":141,"column":15}},{"start":{"line":141,"column":19},"end":{"line":141,"column":51}}]},"16":{"loc":{"start":{"line":152,"column":11},"end":{"line":152,"column":30}},"type":"binary-expr","locations":[{"start":{"line":152,"column":11},"end":{"line":152,"column":25}},{"start":{"line":152,"column":29},"end":{"line":152,"column":30}}]}},"s":{"0":11,"1":11,"2":11,"3":53,"4":42,"5":11,"6":11,"7":51,"8":48,"9":51,"10":51,"11":51,"12":102,"13":0,"14":102,"15":51,"16":7,"17":41,"18":39,"19":39,"20":39,"21":39,"22":39,"23":5,"24":5,"25":5,"26":33,"27":5,"28":0,"29":5,"30":33,"31":5,"32":5,"33":5,"34":2,"35":5,"36":3,"37":5,"38":8,"39":8,"40":8,"41":18,"42":8,"43":1,"44":7,"45":15,"46":1,"47":1,"48":1,"49":1},"f":{"0":11,"1":53,"2":51,"3":48,"4":39,"5":5,"6":33,"7":33,"8":8,"9":18,"10":15,"11":1},"b":{"0":[11],"1":[42],"2":[0],"3":[102,102],"4":[7],"5":[39,0],"6":[39,0],"7":[39,0],"8":[0,5],"9":[5,5],"10":[5,2],"11":[2],"12":[3],"13":[5,3],"14":[1],"15":[8,8],"16":[1,0]}}
}
