{"/Users/kk/Documents/workspace/dracula/config.js": {"path":"/Users/kk/Documents/workspace/dracula/config.js","statementMap":{"0":{"start":{"line":2,"column":0},"end":{"line":2,"column":62}},"1":{"start":{"line":3,"column":0},"end":{"line":3,"column":51}},"2":{"start":{"line":4,"column":15},"end":{"line":10,"column":1}},"3":{"start":{"line":5,"column":18},"end":{"line":5,"column":35}},"4":{"start":{"line":6,"column":4},"end":{"line":8,"column":5}},"5":{"start":{"line":7,"column":8},"end":{"line":7,"column":47}},"6":{"start":{"line":9,"column":4},"end":{"line":9,"column":17}},"7":{"start":{"line":11,"column":0},"end":{"line":11,"column":24}},"8":{"start":{"line":12,"column":0},"end":{"line":15,"column":2}}},"fnMap":{"0":{"name":"(anonymous_0)","decl":{"start":{"line":4,"column":15},"end":{"line":4,"column":16}},"loc":{"start":{"line":4,"column":25},"end":{"line":10,"column":1}},"line":4}},"branchMap":{"0":{"loc":{"start":{"line":6,"column":4},"end":{"line":8,"column":5}},"type":"if","locations":[{"start":{"line":6,"column":4},"end":{"line":8,"column":5}},{"start":{},"end":{}}],"line":6}},"s":{"0":1,"1":1,"2":1,"3":2,"4":2,"5":0,"6":2,"7":1,"8":1},"f":{"0":2},"b":{"0":[0,2]},"_coverageSchema":"1a1c01bbd47fc00a2c39e90264f33305004495a9","hash":"eed648f9e1c1f36dc687af40b50169e8bf9e89dd"}
,"/Users/kk/Documents/workspace/dracula/dracula.js": {"path":"/Users/kk/Documents/workspace/dracula/dracula.js","statementMap":{"0":{"start":{"line":2,"column":0},"end":{"line":2,"column":62}},"1":{"start":{"line":3,"column":28},"end":{"line":3,"column":61}},"2":{"start":{"line":12,"column":8},"end":{"line":12,"column":72}},"3":{"start":{"line":15,"column":8},"end":{"line":15,"column":83}},"4":{"start":{"line":18,"column":8},"end":{"line":18,"column":52}},"5":{"start":{"line":21,"column":8},"end":{"line":21,"column":73}},"6":{"start":{"line":24,"column":8},"end":{"line":24,"column":66}},"7":{"start":{"line":27,"column":0},"end":{"line":27,"column":26}}},"fnMap":{"0":{"name":"(anonymous_0)","decl":{"start":{"line":11,"column":4},"end":{"line":11,"column":5}},"loc":{"start":{"line":11,"column":42},"end":{"line":13,"column":5}},"line":11},"1":{"name":"(anonymous_1)","decl":{"start":{"line":14,"column":4},"end":{"line":14,"column":5}},"loc":{"start":{"line":14,"column":59},"end":{"line":16,"column":5}},"line":14},"2":{"name":"(anonymous_2)","decl":{"start":{"line":17,"column":4},"end":{"line":17,"column":5}},"loc":{"start":{"line":17,"column":41},"end":{"line":19,"column":5}},"line":17},"3":{"name":"(anonymous_3)","decl":{"start":{"line":20,"column":4},"end":{"line":20,"column":5}},"loc":{"start":{"line":20,"column":43},"end":{"line":22,"column":5}},"line":20},"4":{"name":"(anonymous_4)","decl":{"start":{"line":23,"column":4},"end":{"line":23,"column":5}},"loc":{"start":{"line":23,"column":36},"end":{"line":25,"column":5}},"line":23}},"branchMap":{"0":{"loc":{"start":{"line":14,"column":42},"end":{"line":14,"column":57}},"type":"default-arg","locations":[{"start":{"line":14,"column":53},"end":{"line":14,"column":57}}],"line":14}},"s":{"0":1,"1":1,"2":2,"3":0,"4":0,"5":1,"6":1,"7":1},"f":{"0":2,"1":0,"2":0,"3":1,"4":1},"b":{"0":[0]},"_coverageSchema":"1a1c01bbd47fc00a2c39e90264f33305004495a9","hash":"c8f93d8402c11e6e02fb0d0fa18672551aed7625"}
,"/Users/kk/Documents/workspace/dracula/db/mongodb-functions.js": {"path":"/Users/kk/Documents/workspace/dracula/db/mongodb-functions.js","statementMap":{"0":{"start":{"line":2,"column":0},"end":{"line":2,"column":62}},"1":{"start":{"line":3,"column":0},"end":{"line":3,"column":77}},"2":{"start":{"line":4,"column":22},"end":{"line":11,"column":1}},"3":{"start":{"line":5,"column":39},"end":{"line":5,"column":45}},"4":{"start":{"line":6,"column":4},"end":{"line":8,"column":5}},"5":{"start":{"line":7,"column":8},"end":{"line":7,"column":66}},"6":{"start":{"line":9,"column":21},"end":{"line":9,"column":38}},"7":{"start":{"line":10,"column":4},"end":{"line":10,"column":47}},"8":{"start":{"line":12,"column":15},"end":{"line":19,"column":1}},"9":{"start":{"line":13,"column":23},"end":{"line":13,"column":52}},"10":{"start":{"line":14,"column":21},"end":{"line":17,"column":5}},"11":{"start":{"line":18,"column":4},"end":{"line":18,"column":42}},"12":{"start":{"line":20,"column":0},"end":{"line":20,"column":24}},"13":{"start":{"line":21,"column":13},"end":{"line":25,"column":1}},"14":{"start":{"line":22,"column":23},"end":{"line":22,"column":52}},"15":{"start":{"line":24,"column":4},"end":{"line":24,"column":39}},"16":{"start":{"line":26,"column":0},"end":{"line":26,"column":20}},"17":{"start":{"line":30,"column":16},"end":{"line":48,"column":1}},"18":{"start":{"line":31,"column":23},"end":{"line":31,"column":52}},"19":{"start":{"line":32,"column":16},"end":{"line":44,"column":5}},"20":{"start":{"line":45,"column":19},"end":{"line":45,"column":44}},"21":{"start":{"line":46,"column":16},"end":{"line":46,"column":35}},"22":{"start":{"line":47,"column":4},"end":{"line":47,"column":31}},"23":{"start":{"line":49,"column":0},"end":{"line":49,"column":26}},"24":{"start":{"line":54,"column":18},"end":{"line":58,"column":1}},"25":{"start":{"line":55,"column":23},"end":{"line":55,"column":52}},"26":{"start":{"line":56,"column":19},"end":{"line":56,"column":50}},"27":{"start":{"line":57,"column":4},"end":{"line":57,"column":36}},"28":{"start":{"line":59,"column":0},"end":{"line":59,"column":30}},"29":{"start":{"line":60,"column":0},"end":{"line":65,"column":2}}},"fnMap":{"0":{"name":"(anonymous_0)","decl":{"start":{"line":4,"column":22},"end":{"line":4,"column":23}},"loc":{"start":{"line":4,"column":42},"end":{"line":11,"column":1}},"line":4},"1":{"name":"(anonymous_1)","decl":{"start":{"line":12,"column":15},"end":{"line":12,"column":16}},"loc":{"start":{"line":12,"column":50},"end":{"line":19,"column":1}},"line":12},"2":{"name":"(anonymous_2)","decl":{"start":{"line":21,"column":13},"end":{"line":21,"column":14}},"loc":{"start":{"line":21,"column":68},"end":{"line":25,"column":1}},"line":21},"3":{"name":"(anonymous_3)","decl":{"start":{"line":30,"column":16},"end":{"line":30,"column":17}},"loc":{"start":{"line":30,"column":51},"end":{"line":48,"column":1}},"line":30},"4":{"name":"(anonymous_4)","decl":{"start":{"line":54,"column":18},"end":{"line":54,"column":19}},"loc":{"start":{"line":54,"column":44},"end":{"line":58,"column":1}},"line":54}},"branchMap":{"0":{"loc":{"start":{"line":6,"column":4},"end":{"line":8,"column":5}},"type":"if","locations":[{"start":{"line":6,"column":4},"end":{"line":8,"column":5}},{"start":{},"end":{}}],"line":6},"1":{"loc":{"start":{"line":6,"column":8},"end":{"line":6,"column":34}},"type":"binary-expr","locations":[{"start":{"line":6,"column":8},"end":{"line":6,"column":15}},{"start":{"line":6,"column":19},"end":{"line":6,"column":34}}],"line":6},"2":{"loc":{"start":{"line":16,"column":19},"end":{"line":16,"column":50}},"type":"binary-expr","locations":[{"start":{"line":16,"column":19},"end":{"line":16,"column":36}},{"start":{"line":16,"column":40},"end":{"line":16,"column":50}}],"line":16},"3":{"loc":{"start":{"line":21,"column":48},"end":{"line":21,"column":63}},"type":"default-arg","locations":[{"start":{"line":21,"column":59},"end":{"line":21,"column":63}}],"line":21},"4":{"loc":{"start":{"line":47,"column":11},"end":{"line":47,"column":30}},"type":"cond-expr","locations":[{"start":{"line":47,"column":17},"end":{"line":47,"column":26}},{"start":{"line":47,"column":29},"end":{"line":47,"column":30}}],"line":47},"5":{"loc":{"start":{"line":57,"column":11},"end":{"line":57,"column":35}},"type":"binary-expr","locations":[{"start":{"line":57,"column":11},"end":{"line":57,"column":30}},{"start":{"line":57,"column":34},"end":{"line":57,"column":35}}],"line":57}},"s":{"0":1,"1":1,"2":1,"3":4,"4":4,"5":0,"6":4,"7":4,"8":1,"9":2,"10":2,"11":2,"12":1,"13":1,"14":0,"15":0,"16":1,"17":1,"18":1,"19":1,"20":1,"21":1,"22":1,"23":1,"24":1,"25":1,"26":1,"27":1,"28":1,"29":1},"f":{"0":4,"1":2,"2":0,"3":1,"4":1},"b":{"0":[0,4],"1":[4,4],"2":[2,0],"3":[0],"4":[1,0],"5":[1,0]},"_coverageSchema":"1a1c01bbd47fc00a2c39e90264f33305004495a9","hash":"99f0adcb505a7294b81096171b3664e04054bbf9"}
,"/Users/kk/Documents/workspace/dracula/db/mongodb.js": {"path":"/Users/kk/Documents/workspace/dracula/db/mongodb.js","statementMap":{"0":{"start":{"line":2,"column":0},"end":{"line":2,"column":62}},"1":{"start":{"line":3,"column":0},"end":{"line":3,"column":35}},"2":{"start":{"line":4,"column":18},"end":{"line":4,"column":36}},"3":{"start":{"line":5,"column":26},"end":{"line":16,"column":1}},"4":{"start":{"line":6,"column":4},"end":{"line":8,"column":5}},"5":{"start":{"line":7,"column":8},"end":{"line":7,"column":56}},"6":{"start":{"line":9,"column":4},"end":{"line":15,"column":7}},"7":{"start":{"line":17,"column":0},"end":{"line":17,"column":46}},"8":{"start":{"line":18,"column":15},"end":{"line":18,"column":83}},"9":{"start":{"line":19,"column":0},"end":{"line":19,"column":25}}},"fnMap":{"0":{"name":"(anonymous_0)","decl":{"start":{"line":5,"column":26},"end":{"line":5,"column":27}},"loc":{"start":{"line":5,"column":35},"end":{"line":16,"column":1}},"line":5}},"branchMap":{"0":{"loc":{"start":{"line":6,"column":4},"end":{"line":8,"column":5}},"type":"if","locations":[{"start":{"line":6,"column":4},"end":{"line":8,"column":5}},{"start":{},"end":{}}],"line":6}},"s":{"0":1,"1":1,"2":1,"3":1,"4":1,"5":0,"6":1,"7":1,"8":1,"9":1},"f":{"0":1},"b":{"0":[0,1]},"_coverageSchema":"1a1c01bbd47fc00a2c39e90264f33305004495a9","hash":"e7b26b32265bd99a8e439a44cec1150283f58a22"}
}
