TN:
SF:src/config.ts
FN:3,(anonymous_0)
FN:15,(anonymous_1)
FN:26,(anonymous_2)
FN:29,(anonymous_3)
FNF:4
FNH:3
FNDA:169,(anonymous_0)
FNDA:0,(anonymous_1)
FNDA:90,(anonymous_2)
FNDA:78,(anonymous_3)
DA:3,2
DA:4,169
DA:5,169
DA:6,1
DA:8,168
DA:15,2
DA:16,0
DA:25,2
DA:27,90
DA:30,78
DA:34,2
LF:11
LH:10
BRDA:5,0,0,1
BRF:1
BRH:1
end_of_record
TN:
SF:src/createDraculaFromEnv.ts
FN:16,(anonymous_1)
FN:32,(anonymous_2)
FN:43,(anonymous_3)
FN:54,(anonymous_4)
FN:68,(anonymous_5)
FNF:5
FNH:2
FNDA:1,(anonymous_1)
FNDA:1,(anonymous_2)
FNDA:0,(anonymous_3)
FNDA:0,(anonymous_4)
FNDA:0,(anonymous_5)
DA:1,1
DA:2,1
DA:3,1
DA:4,1
DA:5,1
DA:6,1
DA:7,1
DA:16,1
DA:17,1
DA:18,1
DA:19,0
DA:32,1
DA:33,1
DA:35,1
DA:36,1
DA:38,1
DA:39,1
DA:40,1
DA:41,1
DA:43,1
DA:44,0
DA:47,1
DA:50,0
DA:51,0
DA:52,0
DA:54,0
DA:58,0
DA:61,0
DA:62,0
DA:63,0
DA:65,0
DA:66,0
DA:68,0
DA:69,0
DA:72,0
LF:35
LH:20
BRDA:18,0,0,1
BRDA:35,1,0,1
BRDA:38,2,0,1
BRF:3
BRH:3
end_of_record
TN:
SF:src/dracula.ts
FN:13,(anonymous_0)
FN:17,(anonymous_1)
FN:38,(anonymous_2)
FN:61,(anonymous_3)
FN:65,(anonymous_4)
FNF:5
FNH:5
FNDA:35,(anonymous_0)
FNDA:77,(anonymous_1)
FNDA:10,(anonymous_2)
FNDA:16,(anonymous_3)
FNDA:15,(anonymous_4)
DA:10,2
DA:14,35
DA:18,77
DA:39,10
DA:62,16
DA:66,15
LF:6
LH:6
BRF:0
BRH:0
end_of_record
TN:
SF:src/db/better-sqlite-db.ts
FN:11,(anonymous_1)
FN:15,(anonymous_2)
FN:29,(anonymous_3)
FN:35,(anonymous_4)
FN:41,(anonymous_5)
FNF:5
FNH:3
FNDA:1,(anonymous_1)
FNDA:2,(anonymous_2)
FNDA:1,(anonymous_3)
FNDA:0,(anonymous_4)
FNDA:0,(anonymous_5)
DA:1,1
DA:8,1
DA:12,1
DA:19,2
DA:20,2
DA:21,2
DA:30,1
DA:31,1
DA:32,1
DA:36,0
DA:37,0
DA:38,0
DA:42,0
LF:13
LH:9
BRDA:17,0,0,1
BRDA:22,1,0,0
BRDA:22,1,1,2
BRDA:29,2,0,1
BRDA:35,3,0,0
BRF:5
BRH:3
end_of_record
TN:
SF:src/db/inmemory-sqlite.ts
FN:17,(anonymous_0)
FN:21,(anonymous_1)
FN:50,(anonymous_2)
FN:60,(anonymous_3)
FNF:4
FNH:3
FNDA:10,(anonymous_0)
FNDA:49,(anonymous_1)
FNDA:12,(anonymous_2)
FNDA:0,(anonymous_3)
DA:17,1
DA:18,10
DA:19,10
DA:22,49
DA:24,49
DA:26,10
DA:29,39
DA:30,38
DA:31,38
DA:37,38
DA:38,38
DA:41,1
DA:42,1
DA:43,1
DA:44,1
DA:47,0
DA:51,12
DA:53,12
DA:54,12
DA:57,0
DA:62,0
LF:21
LH:18
BRDA:21,0,0,11
BRDA:24,1,0,10
BRDA:29,2,0,38
BRDA:41,3,0,1
BRDA:50,4,0,12
BRDA:53,5,0,12
BRDA:53,6,0,12
BRDA:53,6,1,12
BRDA:60,7,0,0
BRF:9
BRH:8
end_of_record
TN:
SF:src/db/mongo-counter-store.ts
FN:11,(anonymous_0)
FN:16,(anonymous_1)
FN:20,(anonymous_2)
FN:24,(anonymous_3)
FN:28,(anonymous_4)
FNF:5
FNH:5
FNDA:14,(anonymous_0)
FNDA:38,(anonymous_1)
FNDA:5,(anonymous_2)
FNDA:8,(anonymous_3)
FNDA:14,(anonymous_4)
DA:3,2
DA:10,2
DA:12,14
DA:13,14
DA:17,38
DA:21,5
DA:25,8
DA:29,14
LF:8
LH:8
BRF:0
BRH:0
end_of_record
TN:
SF:src/db/mongodb-functions.ts
FN:9,(anonymous_0)
FN:20,(anonymous_1)
FN:46,(anonymous_2)
FN:60,(anonymous_3)
FN:88,(anonymous_4)
FN:101,(anonymous_5)
FNF:6
FNH:6
FNDA:65,(anonymous_0)
FNDA:38,(anonymous_1)
FNDA:38,(anonymous_2)
FNDA:5,(anonymous_3)
FNDA:8,(anonymous_4)
FNDA:14,(anonymous_5)
DA:9,2
DA:10,65
DA:12,65
DA:13,1
DA:16,64
DA:17,64
DA:20,2
DA:21,38
DA:22,0
DA:25,38
DA:27,38
DA:28,0
DA:31,38
DA:32,0
DA:35,38
DA:36,0
DA:39,38
DA:46,2
DA:51,38
DA:52,38
DA:53,38
DA:57,38
DA:60,2
DA:66,5
DA:67,5
DA:69,5
DA:70,2
DA:73,5
DA:74,3
DA:77,5
DA:88,2
DA:93,8
DA:94,7
DA:101,2
DA:102,14
DA:103,14
DA:104,14
LF:37
LH:33
BRDA:12,0,0,1
BRDA:12,1,0,65
BRDA:12,1,1,64
BRDA:21,2,0,0
BRDA:21,3,0,38
BRDA:21,3,1,38
BRDA:27,4,0,0
BRDA:27,5,0,38
BRDA:27,5,1,38
BRDA:31,6,0,0
BRDA:31,7,0,38
BRDA:31,7,1,38
BRDA:35,8,0,0
BRDA:35,9,0,38
BRDA:35,9,1,38
BRDA:55,10,0,38
BRDA:55,10,1,0
BRDA:69,11,0,2
BRDA:73,12,0,3
BRDA:104,13,0,14
BRDA:104,13,1,0
BRF:21
BRH:15
end_of_record
TN:
SF:src/db/mongodb.ts
FN:3,(anonymous_0)
FNF:1
FNH:1
FNDA:15,(anonymous_0)
DA:1,2
DA:3,2
DA:4,15
DA:5,1
DA:8,14
LF:5
LH:5
BRDA:4,0,0,1
BRF:1
BRH:1
end_of_record
TN:
SF:src/db/sqlite-counter-store.ts
FN:39,(anonymous_0)
FN:44,(anonymous_1)
FN:59,(anonymous_2)
FN:67,(anonymous_3)
FN:86,(anonymous_4)
FN:100,(anonymous_5)
FN:107,(anonymous_6)
FN:114,(anonymous_7)
FN:132,(anonymous_8)
FN:139,(anonymous_9)
FN:145,(anonymous_10)
FN:148,(anonymous_11)
FNF:12
FNH:12
FNDA:11,(anonymous_0)
FNDA:53,(anonymous_1)
FNDA:51,(anonymous_2)
FNDA:48,(anonymous_3)
FNDA:39,(anonymous_4)
FNDA:5,(anonymous_5)
FNDA:33,(anonymous_6)
FNDA:33,(anonymous_7)
FNDA:8,(anonymous_8)
FNDA:18,(anonymous_9)
FNDA:15,(anonymous_10)
FNDA:1,(anonymous_11)
DA:36,1
DA:37,11
DA:40,11
DA:41,11
DA:45,53
DA:47,11
DA:56,11
DA:60,51
DA:68,48
DA:69,51
DA:70,51
DA:72,51
DA:73,102
DA:74,0
DA:76,102
DA:79,51
DA:80,7
DA:83,41
DA:87,39
DA:89,39
DA:90,39
DA:92,39
DA:97,39
DA:101,5
DA:103,5
DA:107,33
DA:111,5
DA:112,0
DA:114,33
DA:118,5
DA:119,5
DA:121,5
DA:122,2
DA:125,5
DA:126,3
DA:129,5
DA:133,8
DA:135,8
DA:139,18
DA:141,8
DA:142,1
DA:145,15
DA:149,1
DA:151,1
DA:152,1
LF:45
LH:43
BRDA:41,0,0,11
BRDA:45,1,0,42
BRDA:73,2,0,0
BRDA:73,3,0,102
BRDA:73,3,1,102
BRDA:79,4,0,7
BRDA:89,5,0,39
BRDA:89,5,1,0
BRDA:90,6,0,39
BRDA:90,6,1,0
BRDA:97,7,0,39
BRDA:97,7,1,0
BRDA:111,8,0,0
BRDA:111,8,1,5
BRDA:111,9,0,5
BRDA:111,9,1,5
BRDA:118,10,0,5
BRDA:118,10,1,2
BRDA:121,11,0,2
BRDA:125,12,0,3
BRDA:125,13,0,5
BRDA:125,13,1,3
BRDA:141,14,0,1
BRDA:141,15,0,8
BRDA:141,15,1,8
BRDA:152,16,0,1
BRDA:152,16,1,0
BRF:27
BRH:21
end_of_record
