TN:
SF:config.js
FN:4,(anonymous_0)
FNF:1
FNH:1
FNDA:2,(anonymous_0)
DA:2,1
DA:3,1
DA:4,1
DA:5,2
DA:6,2
DA:7,0
DA:9,2
DA:11,1
DA:12,1
LF:9
LH:8
BRDA:6,0,0,0
BRDA:6,0,1,2
BRF:2
BRH:1
end_of_record
TN:
SF:dracula.js
FN:11,(anonymous_0)
FN:14,(anonymous_1)
FN:17,(anonymous_2)
FN:20,(anonymous_3)
FN:23,(anonymous_4)
FNF:5
FNH:3
FNDA:2,(anonymous_0)
FNDA:0,(anonymous_1)
FNDA:0,(anonymous_2)
FNDA:1,(anonymous_3)
FNDA:1,(anonymous_4)
DA:2,1
DA:3,1
DA:12,2
DA:15,0
DA:18,0
DA:21,1
DA:24,1
DA:27,1
LF:8
LH:6
BRDA:14,0,0,0
BRF:1
BRH:0
end_of_record
TN:
SF:db/mongodb-functions.js
FN:4,(anonymous_0)
FN:12,(anonymous_1)
FN:21,(anonymous_2)
FN:30,(anonymous_3)
FN:54,(anonymous_4)
FNF:5
FNH:4
FNDA:4,(anonymous_0)
FNDA:2,(anonymous_1)
FNDA:0,(anonymous_2)
FNDA:1,(anonymous_3)
FNDA:1,(anonymous_4)
DA:2,1
DA:3,1
DA:4,1
DA:5,4
DA:6,4
DA:7,0
DA:9,4
DA:10,4
DA:12,1
DA:13,2
DA:14,2
DA:18,2
DA:20,1
DA:21,1
DA:22,0
DA:24,0
DA:26,1
DA:30,1
DA:31,1
DA:32,1
DA:45,1
DA:46,1
DA:47,1
DA:49,1
DA:54,1
DA:55,1
DA:56,1
DA:57,1
DA:59,1
DA:60,1
LF:30
LH:27
BRDA:6,0,0,0
BRDA:6,0,1,4
BRDA:6,1,0,4
BRDA:6,1,1,4
BRDA:16,2,0,2
BRDA:16,2,1,0
BRDA:21,3,0,0
BRDA:47,4,0,1
BRDA:47,4,1,0
BRDA:57,5,0,1
BRDA:57,5,1,0
BRF:11
BRH:6
end_of_record
TN:
SF:db/mongodb.js
FN:5,(anonymous_0)
FNF:1
FNH:1
FNDA:1,(anonymous_0)
DA:2,1
DA:3,1
DA:4,1
DA:5,1
DA:6,1
DA:7,0
DA:9,1
DA:17,1
DA:18,1
DA:19,1
LF:10
LH:9
BRDA:6,0,0,0
BRDA:6,0,1,1
BRF:2
BRH:1
end_of_record
